{
"contracts\\FundMe.sol":{"l":{"27":0,"36":0,"37":0,"38":0,"43":0,"44":0,"45":0,"48":0,"58":0,"59":0,"64":0,"65":0,"71":0,"75":0},"path":"C:\\Users\\shiva\\Desktop\\Fund-IT\\contracts\\FundMe.sol","s":{"1":0,"2":0,"3":0,"4":0,"5":0,"6":0,"7":0,"8":0},"b":{"1":[0,0],"2":[0,0],"3":[0,0],"4":[0,0]},"f":{"1":0,"2":0,"3":0,"4":0,"5":0},"fnMap":{"1":{"name":"constructor","line":26,"loc":{"start":{"line":26,"column":4},"end":{"line":28,"column":4}}},"2":{"name":"fund","line":30,"loc":{"start":{"line":30,"column":4},"end":{"line":40,"column":4}}},"3":{"name":"withdraw","line":42,"loc":{"start":{"line":42,"column":4},"end":{"line":61,"column":4}}},"4":{"name":"onlyOwner","line":63,"loc":{"start":{"line":63,"column":4},"end":{"line":66,"column":4}}},"5":{"name":null,"line":74,"loc":{"start":{"line":74,"column":4},"end":{"line":76,"column":5}}}},"statementMap":{"1":{"start":{"line":36,"column":8},"end":{"line":36,"column":79}},"2":{"start":{"line":37,"column":8},"end":{"line":37,"column":31}},"3":{"start":{"line":43,"column":8},"end":{"line":43,"column":1512}},"4":{"start":{"line":44,"column":11},"end":{"line":44,"column":49}},"5":{"start":{"line":58,"column":8},"end":{"line":58,"column":87}},"6":{"start":{"line":59,"column":8},"end":{"line":59,"column":51}},"7":{"start":{"line":64,"column":8},"end":{"line":64,"column":51}},"8":{"start":{"line":75,"column":8},"end":{"line":75,"column":13}}},"branchMap":{"1":{"line":36,"type":"if","locations":[{"start":{"line":36,"column":8},"end":{"line":36,"column":8}},{"start":{"line":36,"column":8},"end":{"line":36,"column":8}}]},"2":{"line":42,"type":"if","locations":[{"start":{"line":42,"column":31},"end":{"line":42,"column":31}},{"start":{"line":42,"column":31},"end":{"line":42,"column":31}}]},"3":{"line":59,"type":"if","locations":[{"start":{"line":59,"column":8},"end":{"line":59,"column":8}},{"start":{"line":59,"column":8},"end":{"line":59,"column":8}}]},"4":{"line":64,"type":"if","locations":[{"start":{"line":64,"column":8},"end":{"line":64,"column":8}},{"start":{"line":64,"column":8},"end":{"line":64,"column":8}}]}}},
"contracts\\PriceConvertor.sol":{"l":{"10":0,"11":0,"12":0,"16":0},"path":"C:\\Users\\shiva\\Desktop\\Fund-IT\\contracts\\PriceConvertor.sol","s":{"1":0,"2":0,"3":0,"4":0},"b":{},"f":{"1":0,"2":0},"fnMap":{"1":{"name":"getPrice","line":9,"loc":{"start":{"line":9,"column":4},"end":{"line":13,"column":4}}},"2":{"name":"getConversionRate","line":15,"loc":{"start":{"line":15,"column":4},"end":{"line":17,"column":4}}}},"statementMap":{"1":{"start":{"line":10,"column":8},"end":{"line":10,"column":107}},"2":{"start":{"line":11,"column":8},"end":{"line":11,"column":56}},"3":{"start":{"line":12,"column":8},"end":{"line":12,"column":36}},"4":{"start":{"line":16,"column":8},"end":{"line":16,"column":47}}},"branchMap":{}}}
