TN:
SF:C:\Users\shiva\Desktop\Fund-IT\contracts\FundMe.sol
FN:26,constructor
FN:30,fund
FN:42,withdraw
FN:63,onlyOwner
FN:74,
FNF:5
FNH:0
FNDA:0,constructor
FNDA:0,fund
FNDA:0,withdraw
FNDA:0,onlyOwner
FNDA:0,
DA:27,0
DA:36,0
DA:37,0
DA:38,0
DA:43,0
DA:44,0
DA:45,0
DA:48,0
DA:58,0
DA:59,0
DA:64,0
DA:65,0
DA:71,0
DA:75,0
LF:14
LH:0
BRDA:36,1,0,0
BRDA:36,1,1,0
BRDA:42,2,0,0
BRDA:42,2,1,0
BRDA:59,3,0,0
BRDA:59,3,1,0
BRDA:64,4,0,0
BRDA:64,4,1,0
BRF:8
BRH:0
end_of_record
TN:
SF:C:\Users\shiva\Desktop\Fund-IT\contracts\PriceConvertor.sol
FN:9,getPrice
FN:15,getConversionRate
FNF:2
FNH:0
FNDA:0,getPrice
FNDA:0,getConversionRate
DA:10,0
DA:11,0
DA:12,0
DA:16,0
LF:4
LH:0
BRF:0
BRH:0
end_of_record
